<?xml version="1.0" encoding="UTF-8"?><testsuite errors="0" failures="0" name="io.swagger.petstore.petcurdtest.UserCRUDTest" skipped="0" tests="4" time="10.3" timestamp="2023-01-03T20:35:24.746Z[Europe/London]"><testcase classname="io.swagger.petstore.petcurdtest.UserCRUDTest" name="This method will create a new user record"/><testcase classname="io.swagger.petstore.petcurdtest.UserCRUDTest" name="This method will get and verify existing user record"/><testcase classname="io.swagger.petstore.petcurdtest.UserCRUDTest" name="This method will update and verify an existing user record"/><testcase classname="io.swagger.petstore.petcurdtest.UserCRUDTest" name="This method will delete and verify an existing user record"/></testsuite>